# JRE version: OpenJDK Runtime Environment Temurin-21.0.10+7 (21.0.10+7) (build 21.0.10+7-LTS)
# Java VM: OpenJDK 64-Bit Server VM Temurin-21.0.10+7 (21.0.10+7-LTS, mixed mode, sharing, tiered, compressed oops, compressed class ptrs, parallel gc, windows-amd64)
GC Precious Log:
 CardTable entry size: 512
 CPUs: 8 total, 8 available
 Memory: 8025M
 Large Page Support: Disabled
 NUMA Support: Disabled
 Compressed Oops: Enabled (32-bit)
 Alignments: Space 512K, Generation 512K, Heap 2M
 Heap Min Capacity: 100M
 Heap Initial Capacity: 100M
 Heap Max Capacity: 2G
 Pre-touch: Disabled
 Parallel Workers: 8
Heap:
 PSYoungGen      total 17408K, used 8201K [0x00000000d5580000, 0x00000000d6900000, 0x0000000100000000)
  eden space 14336K, 48% used [0x00000000d5580000,0x00000000d5c4f8c8,0x00000000d6380000)
  from space 3072K, 39% used [0x00000000d6380000,0x00000000d64b2c08,0x00000000d6680000)
  to   space 2048K, 0% used [0x00000000d6700000,0x00000000d6700000,0x00000000d6900000)
 ParOldGen       total 102912K, used 102431K [0x0000000080000000, 0x0000000086480000, 0x00000000d5580000)
  object space 102912K, 99% used [0x0000000080000000,0x0000000086407e18,0x0000000086480000)
 Metaspace       used 76076K, committed 77696K, reserved 1179648K
  class space    used 7902K, committed 8640K, reserved 1048576K
GC Heap History (20 events):
Event: 18.877 GC heap before
{Heap before GC invocations=73 (full 3):
 PSYoungGen      total 14848K, used 14719K [0x00000000d5580000, 0x00000000d6580000, 0x0000000100000000)
  eden space 14336K, 99% used [0x00000000d5580000,0x00000000d637fff8,0x00000000d6380000)
  from space 512K, 75% used [0x00000000d6400000,0x00000000d6460000,0x00000000d6480000)
  to   space 1024K, 0% used [0x00000000d6480000,0x00000000d6480000,0x00000000d6580000)
 ParOldGen       total 87552K, used 87462K [0x0000000080000000, 0x0000000085580000, 0x00000000d5580000)
  object space 87552K, 99% used [0x0000000080000000,0x0000000085569850,0x0000000085580000)
 Metaspace       used 72062K, committed 73600K, reserved 1179648K
  class space    used 7542K, committed 8192K, reserved 1048576K
}
Event: 18.879 GC heap after
{Heap after GC invocations=73 (full 3):
 PSYoungGen      total 15360K, used 536K [0x00000000d5580000, 0x00000000d6580000, 0x0000000100000000)
  eden space 14336K, 0% used [0x00000000d5580000,0x00000000d5580000,0x00000000d6380000)
  from space 1024K, 52% used [0x00000000d6480000,0x00000000d65061c8,0x00000000d6580000)
  to   space 1024K, 0% used [0x00000000d6380000,0x00000000d6380000,0x00000000d6480000)
 ParOldGen       total 88064K, used 87727K [0x0000000080000000, 0x0000000085600000, 0x00000000d5580000)
  object space 88064K, 99% used [0x0000000080000000,0x00000000855abfb0,0x0000000085600000)
 Metaspace       used 72062K, committed 73600K, reserved 1179648K
  class space    used 7542K, committed 8192K, reserved 1048576K
}
Event: 19.032 GC heap before
{Heap before GC invocations=74 (full 3):
 PSYoungGen      total 15360K, used 14872K [0x00000000d5580000, 0x00000000d6580000, 0x0000000100000000)
  eden space 14336K, 100% used [0x00000000d5580000,0x00000000d6380000,0x00000000d6380000)
  from space 1024K, 52% used [0x00000000d6480000,0x00000000d65061c8,0x00000000d6580000)
  to   space 1024K, 0% used [0x00000000d6380000,0x00000000d6380000,0x00000000d6480000)
 ParOldGen       total 88064K, used 87727K [0x0000000080000000, 0x0000000085600000, 0x00000000d5580000)
  object space 88064K, 99% used [0x0000000080000000,0x00000000855abfb0,0x0000000085600000)
 Metaspace       used 72740K, committed 74240K, reserved 1179648K
  class space    used 7614K, committed 8256K, reserved 1048576K
}
Event: 19.036 GC heap after
{Heap after GC invocations=74 (full 3):
 PSYoungGen      total 15360K, used 1024K [0x00000000d5580000, 0x00000000d7380000, 0x0000000100000000)
  eden space 14336K, 0% used [0x00000000d5580000,0x00000000d5580000,0x00000000d6380000)
  from space 1024K, 100% used [0x00000000d6380000,0x00000000d6480000,0x00000000d6480000)
  to   space 8192K, 0% used [0x00000000d6b80000,0x00000000d6b80000,0x00000000d7380000)
 ParOldGen       total 94208K, used 93722K [0x0000000080000000, 0x0000000085c00000, 0x00000000d5580000)
  object space 94208K, 99% used [0x0000000080000000,0x0000000085b86a70,0x0000000085c00000)
 Metaspace       used 72740K, committed 74240K, reserved 1179648K
  class space    used 7614K, committed 8256K, reserved 1048576K
}
Event: 19.255 GC heap before
{Heap before GC invocations=75 (full 3):
 PSYoungGen      total 15360K, used 15316K [0x00000000d5580000, 0x00000000d7380000, 0x0000000100000000)
  eden space 14336K, 99% used [0x00000000d5580000,0x00000000d6375210,0x00000000d6380000)
  from space 1024K, 100% used [0x00000000d6380000,0x00000000d6480000,0x00000000d6480000)
  to   space 8192K, 0% used [0x00000000d6b80000,0x00000000d6b80000,0x00000000d7380000)
 ParOldGen       total 94208K, used 93722K [0x0000000080000000, 0x0000000085c00000, 0x00000000d5580000)
  object space 94208K, 99% used [0x0000000080000000,0x0000000085b86a70,0x0000000085c00000)
 Metaspace       used 73086K, committed 74560K, reserved 1179648K
  class space    used 7648K, committed 8256K, reserved 1048576K
}
Event: 19.257 GC heap after
{Heap after GC invocations=75 (full 3):
 PSYoungGen      total 16896K, used 2062K [0x00000000d5580000, 0x00000000d6e00000, 0x0000000100000000)
  eden space 14336K, 0% used [0x00000000d5580000,0x00000000d5580000,0x00000000d6380000)
  from space 2560K, 80% used [0x00000000d6b80000,0x00000000d6d83b20,0x00000000d6e00000)
  to   space 4096K, 0% used [0x00000000d6600000,0x00000000d6600000,0x00000000d6a00000)
 ParOldGen       total 95232K, used 94768K [0x0000000080000000, 0x0000000085d00000, 0x00000000d5580000)
  object space 95232K, 99% used [0x0000000080000000,0x0000000085c8c250,0x0000000085d00000)
 Metaspace       used 73086K, committed 74560K, reserved 1179648K
  class space    used 7648K, committed 8256K, reserved 1048576K
}
Event: 19.344 GC heap before
{Heap before GC invocations=76 (full 3):
 PSYoungGen      total 16896K, used 16398K [0x00000000d5580000, 0x00000000d6e00000, 0x0000000100000000)
  eden space 14336K, 99% used [0x00000000d5580000,0x00000000d637ffe8,0x00000000d6380000)
  from space 2560K, 80% used [0x00000000d6b80000,0x00000000d6d83b20,0x00000000d6e00000)
  to   space 4096K, 0% used [0x00000000d6600000,0x00000000d6600000,0x00000000d6a00000)
 ParOldGen       total 95232K, used 94768K [0x0000000080000000, 0x0000000085d00000, 0x00000000d5580000)
  object space 95232K, 99% used [0x0000000080000000,0x0000000085c8c250,0x0000000085d00000)
 Metaspace       used 73258K, committed 74752K, reserved 1179648K
  class space    used 7670K, committed 8320K, reserved 1048576K
}
Event: 19.348 GC heap after
{Heap after GC invocations=76 (full 3):
 PSYoungGen      total 18432K, used 512K [0x00000000d5580000, 0x00000000d6c00000, 0x0000000100000000)
  eden space 14336K, 0% used [0x00000000d5580000,0x00000000d5580000,0x00000000d6380000)
  from space 4096K, 12% used [0x00000000d6600000,0x00000000d6680020,0x00000000d6a00000)
  to   space 1536K, 0% used [0x00000000d6a80000,0x00000000d6a80000,0x00000000d6c00000)
 ParOldGen       total 96768K, used 96605K [0x0000000080000000, 0x0000000085e80000, 0x00000000d5580000)
  object space 96768K, 99% used [0x0000000080000000,0x0000000085e57490,0x0000000085e80000)
 Metaspace       used 73258K, committed 74752K, reserved 1179648K
  class space    used 7670K, committed 8320K, reserved 1048576K
}
Event: 20.093 GC heap before
{Heap before GC invocations=77 (full 3):
 PSYoungGen      total 18432K, used 14847K [0x00000000d5580000, 0x00000000d6c00000, 0x0000000100000000)
  eden space 14336K, 99% used [0x00000000d5580000,0x00000000d637ffb8,0x00000000d6380000)
  from space 4096K, 12% used [0x00000000d6600000,0x00000000d6680020,0x00000000d6a00000)
  to   space 1536K, 0% used [0x00000000d6a80000,0x00000000d6a80000,0x00000000d6c00000)
 ParOldGen       total 96768K, used 96605K [0x0000000080000000, 0x0000000085e80000, 0x00000000d5580000)
  object space 96768K, 99% used [0x0000000080000000,0x0000000085e57490,0x0000000085e80000)
 Metaspace       used 73676K, committed 75136K, reserved 1179648K
  class space    used 7713K, committed 8320K, reserved 1048576K
}
Event: 20.095 GC heap after
{Heap after GC invocations=77 (full 3):
 PSYoungGen      total 15872K, used 1535K [0x00000000d5580000, 0x00000000d6c00000, 0x0000000100000000)
  eden space 14336K, 0% used [0x00000000d5580000,0x00000000d5580000,0x00000000d6380000)
  from space 1536K, 99% used [0x00000000d6a80000,0x00000000d6bffdd0,0x00000000d6c00000)
  to   space 2560K, 0% used [0x00000000d6700000,0x00000000d6700000,0x00000000d6980000)
 ParOldGen       total 97280K, used 96881K [0x0000000080000000, 0x0000000085f00000, 0x00000000d5580000)
  object space 97280K, 99% used [0x0000000080000000,0x0000000085e9c750,0x0000000085f00000)
 Metaspace       used 73676K, committed 75136K, reserved 1179648K
  class space    used 7713K, committed 8320K, reserved 1048576K
}
Event: 20.200 GC heap before
{Heap before GC invocations=78 (full 3):
 PSYoungGen      total 15872K, used 15871K [0x00000000d5580000, 0x00000000d6c00000, 0x0000000100000000)
  eden space 14336K, 100% used [0x00000000d5580000,0x00000000d6380000,0x00000000d6380000)
  from space 1536K, 99% used [0x00000000d6a80000,0x00000000d6bffdd0,0x00000000d6c00000)
  to   space 2560K, 0% used [0x00000000d6700000,0x00000000d6700000,0x00000000d6980000)
 ParOldGen       total 97280K, used 96881K [0x0000000080000000, 0x0000000085f00000, 0x00000000d5580000)
  object space 97280K, 99% used [0x0000000080000000,0x0000000085e9c750,0x0000000085f00000)
 Metaspace       used 73765K, committed 75200K, reserved 1179648K
  class space    used 7716K, committed 8320K, reserved 1048576K
}
Event: 20.202 GC heap after
{Heap after GC invocations=78 (full 3):
 PSYoungGen      total 15872K, used 1396K [0x00000000d5580000, 0x00000000d6b00000, 0x0000000100000000)
  eden space 14336K, 0% used [0x00000000d5580000,0x00000000d5580000,0x00000000d6380000)
  from space 1536K, 90% used [0x00000000d6700000,0x00000000d685d200,0x00000000d6880000)
  to   space 2048K, 0% used [0x00000000d6900000,0x00000000d6900000,0x00000000d6b00000)
 ParOldGen       total 98816K, used 98369K [0x0000000080000000, 0x0000000086080000, 0x00000000d5580000)
  object space 98816K, 99% used [0x0000000080000000,0x00000000860104b0,0x0000000086080000)
 Metaspace       used 73765K, committed 75200K, reserved 1179648K
  class space    used 7716K, committed 8320K, reserved 1048576K
}
Event: 31.686 GC heap before
{Heap before GC invocations=79 (full 3):
 PSYoungGen      total 15872K, used 15732K [0x00000000d5580000, 0x00000000d6b00000, 0x0000000100000000)
  eden space 14336K, 100% used [0x00000000d5580000,0x00000000d6380000,0x00000000d6380000)
  from space 1536K, 90% used [0x00000000d6700000,0x00000000d685d200,0x00000000d6880000)
  to   space 2048K, 0% used [0x00000000d6900000,0x00000000d6900000,0x00000000d6b00000)
 ParOldGen       total 98816K, used 98369K [0x0000000080000000, 0x0000000086080000, 0x00000000d5580000)
  object space 98816K, 99% used [0x0000000080000000,0x00000000860104b0,0x0000000086080000)
 Metaspace       used 73847K, committed 75392K, reserved 1179648K
  class space    used 7718K, committed 8384K, reserved 1048576K
}
Event: 31.690 GC heap after
{Heap after GC invocations=79 (full 3):
 PSYoungGen      total 14848K, used 256K [0x00000000d5580000, 0x00000000d6980000, 0x0000000100000000)
  eden space 14336K, 0% used [0x00000000d5580000,0x00000000d5580000,0x00000000d6380000)
  from space 512K, 50% used [0x00000000d6900000,0x00000000d6940000,0x00000000d6980000)
  to   space 1024K, 0% used [0x00000000d6780000,0x00000000d6780000,0x00000000d6880000)
 ParOldGen       total 99840K, used 99566K [0x0000000080000000, 0x0000000086180000, 0x00000000d5580000)
  object space 99840K, 99% used [0x0000000080000000,0x000000008613b9c8,0x0000000086180000)
 Metaspace       used 73847K, committed 75392K, reserved 1179648K
  class space    used 7718K, committed 8384K, reserved 1048576K
}
Event: 338.307 GC heap before
{Heap before GC invocations=80 (full 3):
 PSYoungGen      total 14848K, used 14592K [0x00000000d5580000, 0x00000000d6980000, 0x0000000100000000)
  eden space 14336K, 100% used [0x00000000d5580000,0x00000000d6380000,0x00000000d6380000)
  from space 512K, 50% used [0x00000000d6900000,0x00000000d6940000,0x00000000d6980000)
  to   space 1024K, 0% used [0x00000000d6780000,0x00000000d6780000,0x00000000d6880000)
 ParOldGen       total 99840K, used 99566K [0x0000000080000000, 0x0000000086180000, 0x00000000d5580000)
  object space 99840K, 99% used [0x0000000080000000,0x000000008613b9c8,0x0000000086180000)
 Metaspace       used 74908K, committed 76480K, reserved 1179648K
  class space    used 7797K, committed 8512K, reserved 1048576K
}
Event: 338.309 GC heap after
{Heap after GC invocations=80 (full 3):
 PSYoungGen      total 15360K, used 1012K [0x00000000d5580000, 0x00000000d6980000, 0x0000000100000000)
  eden space 14336K, 0% used [0x00000000d5580000,0x00000000d5580000,0x00000000d6380000)
  from space 1024K, 98% used [0x00000000d6780000,0x00000000d687d240,0x00000000d6880000)
  to   space 1024K, 0% used [0x00000000d6880000,0x00000000d6880000,0x00000000d6980000)
 ParOldGen       total 100352K, used 99979K [0x0000000080000000, 0x0000000086200000, 0x00000000d5580000)
  object space 100352K, 99% used [0x0000000080000000,0x00000000861a2c68,0x0000000086200000)
 Metaspace       used 74908K, committed 76480K, reserved 1179648K
  class space    used 7797K, committed 8512K, reserved 1048576K
}
Event: 338.623 GC heap before
{Heap before GC invocations=81 (full 3):
 PSYoungGen      total 15360K, used 15348K [0x00000000d5580000, 0x00000000d6980000, 0x0000000100000000)
  eden space 14336K, 100% used [0x00000000d5580000,0x00000000d6380000,0x00000000d6380000)
  from space 1024K, 98% used [0x00000000d6780000,0x00000000d687d240,0x00000000d6880000)
  to   space 1024K, 0% used [0x00000000d6880000,0x00000000d6880000,0x00000000d6980000)
 ParOldGen       total 100352K, used 99979K [0x0000000080000000, 0x0000000086200000, 0x00000000d5580000)
  object space 100352K, 99% used [0x0000000080000000,0x00000000861a2c68,0x0000000086200000)
 Metaspace       used 75155K, committed 76672K, reserved 1179648K
  class space    used 7810K, committed 8512K, reserved 1048576K
}
Event: 338.627 GC heap after
{Heap after GC invocations=81 (full 3):
 PSYoungGen      total 15360K, used 1019K [0x00000000d5580000, 0x00000000d6980000, 0x0000000100000000)
  eden space 14336K, 0% used [0x00000000d5580000,0x00000000d5580000,0x00000000d6380000)
  from space 1024K, 99% used [0x00000000d6880000,0x00000000d697ee90,0x00000000d6980000)
  to   space 3072K, 0% used [0x00000000d6380000,0x00000000d6380000,0x00000000d6680000)
 ParOldGen       total 101888K, used 101699K [0x0000000080000000, 0x0000000086380000, 0x00000000d5580000)
  object space 101888K, 99% used [0x0000000080000000,0x0000000086350c58,0x0000000086380000)
 Metaspace       used 75155K, committed 76672K, reserved 1179648K
  class space    used 7810K, committed 8512K, reserved 1048576K
}
Event: 338.736 GC heap before
{Heap before GC invocations=82 (full 3):
 PSYoungGen      total 15360K, used 15355K [0x00000000d5580000, 0x00000000d6980000, 0x0000000100000000)
  eden space 14336K, 100% used [0x00000000d5580000,0x00000000d6380000,0x00000000d6380000)
  from space 1024K, 99% used [0x00000000d6880000,0x00000000d697ee90,0x00000000d6980000)
  to   space 3072K, 0% used [0x00000000d6380000,0x00000000d6380000,0x00000000d6680000)
 ParOldGen       total 101888K, used 101699K [0x0000000080000000, 0x0000000086380000, 0x00000000d5580000)
  object space 101888K, 99% used [0x0000000080000000,0x0000000086350c58,0x0000000086380000)
 Metaspace       used 75825K, committed 77440K, reserved 1179648K
  class space    used 7870K, committed 8640K, reserved 1048576K
}
Event: 338.738 GC heap after
{Heap after GC invocations=82 (full 3):
 PSYoungGen      total 17408K, used 1227K [0x00000000d5580000, 0x00000000d6900000, 0x0000000100000000)
  eden space 14336K, 0% used [0x00000000d5580000,0x00000000d5580000,0x00000000d6380000)
  from space 3072K, 39% used [0x00000000d6380000,0x00000000d64b2c08,0x00000000d6680000)
  to   space 2048K, 0% used [0x00000000d6700000,0x00000000d6700000,0x00000000d6900000)
 ParOldGen       total 102912K, used 102431K [0x0000000080000000, 0x0000000086480000, 0x00000000d5580000)
  object space 102912K, 99% used [0x0000000080000000,0x0000000086407e18,0x0000000086480000)
 Metaspace       used 75825K, committed 77440K, reserved 1179648K
  class space    used 7870K, committed 8640K, reserved 1048576K
}

